2025-01-23 00:59:53,291 INFO o.a.j.u.JMeterUtils: Setting Locale to en_EN
2025-01-23 00:59:53,395 INFO o.a.j.JMeter: Loading user properties from: /usr/local/jmeter/bin/user.properties
2025-01-23 00:59:53,398 INFO o.a.j.JMeter: Loading system properties from: /usr/local/jmeter/bin/system.properties
2025-01-23 00:59:53,419 INFO o.a.j.JMeter: Copyright (c) 1998-2024 The Apache Software Foundation
2025-01-23 00:59:53,420 INFO o.a.j.JMeter: Version 5.6.3
2025-01-23 00:59:53,420 INFO o.a.j.JMeter: java.version=11.0.25
2025-01-23 00:59:53,420 INFO o.a.j.JMeter: java.vm.name=OpenJDK 64-Bit Server VM
2025-01-23 00:59:53,420 INFO o.a.j.JMeter: os.name=Linux
2025-01-23 00:59:53,420 INFO o.a.j.JMeter: os.arch=amd64
2025-01-23 00:59:53,421 INFO o.a.j.JMeter: os.version=6.2.0-26-generic
2025-01-23 00:59:53,421 INFO o.a.j.JMeter: file.encoding=UTF-8
2025-01-23 00:59:53,421 INFO o.a.j.JMeter: java.awt.headless=null
2025-01-23 00:59:53,421 INFO o.a.j.JMeter: Max memory     =1073741824
2025-01-23 00:59:53,422 INFO o.a.j.JMeter: Available Processors =4
2025-01-23 00:59:53,461 INFO o.a.j.JMeter: Default Locale=English (EN)
2025-01-23 00:59:53,462 INFO o.a.j.JMeter: JMeter  Locale=English (EN)
2025-01-23 00:59:53,462 INFO o.a.j.JMeter: JMeterHome=/usr/local/jmeter
2025-01-23 00:59:53,462 INFO o.a.j.JMeter: user.dir  =/home/khaldoun/projects/file-manager
2025-01-23 00:59:53,462 INFO o.a.j.JMeter: PWD       =/home/khaldoun/projects/file-manager
2025-01-23 00:59:53,463 INFO o.a.j.JMeter: IP: 127.0.1.1 Name: khaldoun-Lenovo-V310-15ISK FullName: khaldoun-Lenovo-V310-15ISK
2025-01-23 00:59:53,501 INFO o.a.j.JMeter: Loaded icon properties from org/apache/jmeter/images/icon.properties
2025-01-23 00:59:54,255 INFO o.a.j.JMeterGuiLauncher: Setting LAF to: com.github.weisj.darklaf.DarkLaf:com.github.weisj.darklaf.theme.DarculaTheme
2025-01-23 01:10:31,636 INFO o.a.j.e.DistributedRunner: Configuring remote engine: 127.0.0.1
2025-01-23 01:10:31,670 ERROR o.a.j.e.DistributedRunner: Failed to create engine at 127.0.0.1
java.rmi.ConnectIOException: Exception creating connection to: 127.0.0.1; nested exception is: 
	java.io.FileNotFoundException: rmi_keystore.jks (No such file or directory)
	at java.rmi/sun.rmi.transport.tcp.TCPEndpoint.newSocket(TCPEndpoint.java:635) ~[?:?]
	at java.rmi/sun.rmi.transport.tcp.TCPChannel.createConnection(TCPChannel.java:209) ~[?:?]
	at java.rmi/sun.rmi.transport.tcp.TCPChannel.newConnection(TCPChannel.java:196) ~[?:?]
	at java.rmi/sun.rmi.server.UnicastRef.newCall(UnicastRef.java:343) ~[?:?]
	at java.rmi/sun.rmi.registry.RegistryImpl_Stub.lookup(RegistryImpl_Stub.java:116) ~[?:?]
	at org.apache.jmeter.engine.ClientJMeterEngine.getEngine(ClientJMeterEngine.java:72) ~[ApacheJMeter_core.jar:5.6.3]
	at org.apache.jmeter.engine.ClientJMeterEngine.<init>(ClientJMeterEngine.java:85) ~[ApacheJMeter_core.jar:5.6.3]
	at org.apache.jmeter.engine.DistributedRunner.createEngine(DistributedRunner.java:255) ~[ApacheJMeter_core.jar:5.6.3]
	at org.apache.jmeter.engine.DistributedRunner.getClientEngine(DistributedRunner.java:232) ~[ApacheJMeter_core.jar:5.6.3]
	at org.apache.jmeter.engine.DistributedRunner.init(DistributedRunner.java:96) ~[ApacheJMeter_core.jar:5.6.3]
	at org.apache.jmeter.gui.action.RemoteStart.doAction(RemoteStart.java:82) ~[ApacheJMeter_core.jar:5.6.3]
	at org.apache.jmeter.gui.action.ActionRouter.performAction(ActionRouter.java:83) ~[ApacheJMeter_core.jar:5.6.3]
	at org.apache.jmeter.gui.action.ActionRouter.lambda$actionPerformed$0(ActionRouter.java:65) ~[ApacheJMeter_core.jar:5.6.3]
	at java.desktop/java.awt.event.InvocationEvent.dispatch(InvocationEvent.java:313) [?:?]
	at java.desktop/java.awt.EventQueue.dispatchEventImpl(EventQueue.java:770) [?:?]
	at java.desktop/java.awt.EventQueue$4.run(EventQueue.java:721) [?:?]
	at java.desktop/java.awt.EventQueue$4.run(EventQueue.java:715) [?:?]
	at java.base/java.security.AccessController.doPrivileged(Native Method) ~[?:?]
	at java.base/java.security.ProtectionDomain$JavaSecurityAccessImpl.doIntersectionPrivilege(ProtectionDomain.java:85) [?:?]
	at java.desktop/java.awt.EventQueue.dispatchEvent(EventQueue.java:740) [?:?]
	at java.desktop/java.awt.EventDispatchThread.pumpOneEventForFilters(EventDispatchThread.java:203) [?:?]
	at java.desktop/java.awt.EventDispatchThread.pumpEventsForFilter(EventDispatchThread.java:124) [?:?]
	at java.desktop/java.awt.EventDispatchThread.pumpEventsForHierarchy(EventDispatchThread.java:113) [?:?]
	at java.desktop/java.awt.EventDispatchThread.pumpEvents(EventDispatchThread.java:109) [?:?]
	at java.desktop/java.awt.EventDispatchThread.pumpEvents(EventDispatchThread.java:101) [?:?]
	at java.desktop/java.awt.EventDispatchThread.run(EventDispatchThread.java:90) [?:?]
Caused by: java.io.FileNotFoundException: rmi_keystore.jks (No such file or directory)
	at java.base/java.io.FileInputStream.open0(Native Method) ~[?:?]
	at java.base/java.io.FileInputStream.open(FileInputStream.java:219) ~[?:?]
	at java.base/java.io.FileInputStream.<init>(FileInputStream.java:157) ~[?:?]
	at java.base/java.io.FileInputStream.<init>(FileInputStream.java:112) ~[?:?]
	at org.apache.jmeter.rmi.SSLRMIClientSocketFactory.loadStore(SSLRMIClientSocketFactory.java:124) ~[ApacheJMeter_core.jar:5.6.3]
	at org.apache.jmeter.rmi.SSLRMIClientSocketFactory.createSocket(SSLRMIClientSocketFactory.java:82) ~[ApacheJMeter_core.jar:5.6.3]
	at java.rmi/sun.rmi.transport.tcp.TCPEndpoint.newSocket(TCPEndpoint.java:617) ~[?:?]
	... 25 more
2025-01-23 01:10:31,690 ERROR o.a.j.u.JMeterUtils: Exception creating connection to: 127.0.0.1; nested exception is: 
	java.io.FileNotFoundException: rmi_keystore.jks (No such file or directory)
2025-01-23 01:10:31,691 INFO o.a.j.e.DistributedRunner: Failed to configure 127.0.0.1
2025-01-23 01:10:31,691 INFO o.a.j.e.DistributedRunner: Stopping remote engines
2025-01-23 01:10:31,691 INFO o.a.j.e.DistributedRunner: Remote engines have been stopped
2025-01-23 01:10:31,692 ERROR o.a.j.g.a.ActionRouter: Error processing org.apache.jmeter.gui.action.RemoteStart@53bd8de4
java.lang.RuntimeException: Following remote engines could not be configured:[127.0.0.1]
	at org.apache.jmeter.engine.DistributedRunner.init(DistributedRunner.java:115) ~[ApacheJMeter_core.jar:5.6.3]
	at org.apache.jmeter.gui.action.RemoteStart.doAction(RemoteStart.java:82) ~[ApacheJMeter_core.jar:5.6.3]
	at org.apache.jmeter.gui.action.ActionRouter.performAction(ActionRouter.java:83) ~[ApacheJMeter_core.jar:5.6.3]
	at org.apache.jmeter.gui.action.ActionRouter.lambda$actionPerformed$0(ActionRouter.java:65) ~[ApacheJMeter_core.jar:5.6.3]
	at java.desktop/java.awt.event.InvocationEvent.dispatch(InvocationEvent.java:313) [?:?]
	at java.desktop/java.awt.EventQueue.dispatchEventImpl(EventQueue.java:770) [?:?]
	at java.desktop/java.awt.EventQueue$4.run(EventQueue.java:721) [?:?]
	at java.desktop/java.awt.EventQueue$4.run(EventQueue.java:715) [?:?]
	at java.base/java.security.AccessController.doPrivileged(Native Method) ~[?:?]
	at java.base/java.security.ProtectionDomain$JavaSecurityAccessImpl.doIntersectionPrivilege(ProtectionDomain.java:85) [?:?]
	at java.desktop/java.awt.EventQueue.dispatchEvent(EventQueue.java:740) [?:?]
	at java.desktop/java.awt.EventDispatchThread.pumpOneEventForFilters(EventDispatchThread.java:203) [?:?]
	at java.desktop/java.awt.EventDispatchThread.pumpEventsForFilter(EventDispatchThread.java:124) [?:?]
	at java.desktop/java.awt.EventDispatchThread.pumpEventsForHierarchy(EventDispatchThread.java:113) [?:?]
	at java.desktop/java.awt.EventDispatchThread.pumpEvents(EventDispatchThread.java:109) [?:?]
	at java.desktop/java.awt.EventDispatchThread.pumpEvents(EventDispatchThread.java:101) [?:?]
	at java.desktop/java.awt.EventDispatchThread.run(EventDispatchThread.java:90) [?:?]
2025-01-23 01:10:50,660 INFO o.a.j.g.a.t.TemplateManager: Reading templates from: /usr/local/jmeter/bin/templates/templates.xml
2025-01-23 01:22:35,595 INFO o.a.j.s.FileServer: Default base='/home/khaldoun/projects/file-manager'
2025-01-23 01:22:35,598 INFO o.a.j.s.FileServer: Set new base='/home/khaldoun/Downloads'
2025-01-23 01:22:36,026 INFO o.a.j.s.SaveService: Testplan (JMX) version: 2.2. Testlog (JTL) version: 2.2
2025-01-23 01:22:36,053 INFO o.a.j.s.SaveService: Using SaveService properties version 5.0
2025-01-23 01:22:36,062 INFO o.a.j.s.SaveService: Using SaveService properties file encoding UTF-8
2025-01-23 01:22:36,140 INFO o.a.j.g.a.Load: Loading file: /home/khaldoun/Downloads/RECORD-01-23-25-1-21-00-AM.jmx
2025-01-23 01:22:36,141 INFO o.a.j.s.FileServer: Set new base='/home/khaldoun/Downloads'
2025-01-23 01:22:36,141 INFO o.a.j.s.SaveService: Loading file: /home/khaldoun/Downloads/RECORD-01-23-25-1-21-00-AM.jmx
2025-01-23 01:22:36,202 INFO o.a.j.p.h.c.CookieManager: Settings: Delete null: true Check: true Allow variable: true Save: false Prefix: COOKIE_
2025-01-23 01:22:36,212 INFO o.a.j.p.h.c.CacheManager: Will only cache the following methods: [GET]
2025-01-23 01:22:36,232 INFO o.a.j.p.h.s.HTTPSamplerBase: Parser for text/html is org.apache.jmeter.protocol.http.parser.LagartoBasedHtmlParser
2025-01-23 01:22:36,233 INFO o.a.j.p.h.s.HTTPSamplerBase: Parser for application/xhtml+xml is org.apache.jmeter.protocol.http.parser.LagartoBasedHtmlParser
2025-01-23 01:22:36,233 INFO o.a.j.p.h.s.HTTPSamplerBase: Parser for application/xml is org.apache.jmeter.protocol.http.parser.LagartoBasedHtmlParser
2025-01-23 01:22:36,233 INFO o.a.j.p.h.s.HTTPSamplerBase: Parser for text/xml is org.apache.jmeter.protocol.http.parser.LagartoBasedHtmlParser
2025-01-23 01:22:36,233 INFO o.a.j.p.h.s.HTTPSamplerBase: Parser for text/vnd.wap.wml is org.apache.jmeter.protocol.http.parser.RegexpHTMLParser
2025-01-23 01:22:36,233 INFO o.a.j.p.h.s.HTTPSamplerBase: Parser for text/css is org.apache.jmeter.protocol.http.parser.CssParser
2025-01-23 01:22:36,776 INFO o.a.j.s.FileServer: Set new base='/home/khaldoun/Downloads'
2025-01-23 01:22:39,832 INFO o.a.j.e.StandardJMeterEngine: Running the test!
2025-01-23 01:22:39,840 INFO o.a.j.s.SampleEvent: List of sample_variables: []
2025-01-23 01:22:39,842 INFO o.a.j.s.SampleEvent: List of sample_variables: []
2025-01-23 01:22:39,850 INFO o.a.j.e.u.CompoundVariable: Note: Function class names must contain the string: '.functions.'
2025-01-23 01:22:39,851 INFO o.a.j.e.u.CompoundVariable: Note: Function class names must not contain the string: '.gui.'
2025-01-23 01:22:40,361 INFO o.a.j.g.u.JMeterMenuBar: setRunning(true, *local*)
2025-01-23 01:22:40,459 INFO o.a.j.e.StandardJMeterEngine: Starting ThreadGroup: 1 : Thread Group
2025-01-23 01:22:40,460 INFO o.a.j.e.StandardJMeterEngine: Starting 1 threads for group Thread Group.
2025-01-23 01:22:40,460 INFO o.a.j.e.StandardJMeterEngine: Thread will continue on error
2025-01-23 01:22:40,460 INFO o.a.j.t.ThreadGroup: Starting thread group... number=1 threads=1 ramp-up=1 delayedStart=false
2025-01-23 01:22:40,472 INFO o.a.j.t.ThreadGroup: Started thread group number 1
2025-01-23 01:22:40,472 INFO o.a.j.e.StandardJMeterEngine: All thread groups have been started
2025-01-23 01:22:40,489 INFO o.a.j.s.SampleResult: Note: Sample TimeStamps are START times
2025-01-23 01:22:40,490 INFO o.a.j.s.SampleResult: sampleresult.default.encoding is set to UTF-8
2025-01-23 01:22:40,491 INFO o.a.j.s.SampleResult: sampleresult.useNanoTime=true
2025-01-23 01:22:40,491 INFO o.a.j.s.SampleResult: sampleresult.nanoThreadSleep=5000
2025-01-23 01:22:40,492 INFO o.a.j.t.JMeterThread: Thread started: Thread Group 1-1
2025-01-23 01:22:40,518 INFO o.a.j.p.h.s.HTTPHCAbstractImpl: Local host = khaldoun-Lenovo-V310-15ISK
2025-01-23 01:22:40,531 INFO o.a.j.p.h.s.HTTPHC4Impl: HTTP request retry count = 0
2025-01-23 01:22:40,775 INFO o.a.j.p.h.p.BaseParser: Created org.apache.jmeter.protocol.http.parser.LagartoBasedHtmlParser
2025-01-23 01:22:40,887 INFO o.a.j.p.h.s.ResourcesDownloader: Creating ResourcesDownloader with keepalive_inseconds : 60
2025-01-23 01:22:41,093 INFO o.a.j.p.h.s.h.LazyLayeredConnectionSocketFactory: Setting up HTTPS TrustAll Socket Factory
2025-01-23 01:22:41,102 INFO o.a.j.u.JsseSSLManager: Using default SSL protocol: TLS
2025-01-23 01:22:41,102 INFO o.a.j.u.JsseSSLManager: SSL session context: per-thread
2025-01-23 01:22:41,424 INFO o.a.j.u.SSLManager: JmeterKeyStore Location:  type JKS
2025-01-23 01:22:41,425 INFO o.a.j.u.SSLManager: KeyStore created OK
2025-01-23 01:22:41,426 WARN o.a.j.u.SSLManager: Keystore file not found, loading empty keystore
2025-01-23 01:22:42,442 INFO o.a.j.p.h.p.BaseParser: Created org.apache.jmeter.protocol.http.parser.CssParser
2025-01-23 01:22:44,706 INFO o.a.j.t.JMeterThread: Thread is done: Thread Group 1-1
2025-01-23 01:22:44,707 INFO o.a.j.t.JMeterThread: Thread finished: Thread Group 1-1
2025-01-23 01:22:44,726 INFO o.a.j.e.StandardJMeterEngine: Notifying test listeners of end of test
2025-01-23 01:22:44,728 INFO o.a.j.g.u.JMeterMenuBar: setRunning(false, *local*)
2025-01-23 01:23:13,716 INFO o.a.j.e.StandardJMeterEngine: Running the test!
2025-01-23 01:23:13,718 INFO o.a.j.s.SampleEvent: List of sample_variables: []
2025-01-23 01:23:13,727 INFO o.a.j.g.u.JMeterMenuBar: setRunning(true, *local*)
2025-01-23 01:23:13,743 INFO o.a.j.e.StandardJMeterEngine: Starting ThreadGroup: 1 : Thread Group
2025-01-23 01:23:13,743 INFO o.a.j.e.StandardJMeterEngine: Starting 100 threads for group Thread Group.
2025-01-23 01:23:13,744 INFO o.a.j.e.StandardJMeterEngine: Thread will continue on error
2025-01-23 01:23:13,744 INFO o.a.j.t.ThreadGroup: Starting thread group... number=1 threads=100 ramp-up=10 delayedStart=false
2025-01-23 01:23:13,760 INFO o.a.j.t.JMeterThread: Thread started: Thread Group 1-1
2025-01-23 01:23:13,855 INFO o.a.j.t.JMeterThread: Thread started: Thread Group 1-2
2025-01-23 01:23:13,970 INFO o.a.j.t.JMeterThread: Thread started: Thread Group 1-3
2025-01-23 01:23:14,051 INFO o.a.j.t.JMeterThread: Thread started: Thread Group 1-4
2025-01-23 01:23:14,155 INFO o.a.j.t.JMeterThread: Thread started: Thread Group 1-5
2025-01-23 01:23:14,251 INFO o.a.j.t.ThreadGroup: Started thread group number 1
2025-01-23 01:23:14,251 INFO o.a.j.e.StandardJMeterEngine: All thread groups have been started
2025-01-23 01:23:14,252 INFO o.a.j.t.JMeterThread: Thread started: Thread Group 1-6
2025-01-23 01:23:14,361 INFO o.a.j.t.JMeterThread: Thread started: Thread Group 1-7
2025-01-23 01:23:14,462 INFO o.a.j.t.JMeterThread: Thread started: Thread Group 1-8
2025-01-23 01:23:14,560 INFO o.a.j.t.JMeterThread: Thread started: Thread Group 1-9
2025-01-23 01:23:14,659 INFO o.a.j.t.JMeterThread: Thread started: Thread Group 1-10
2025-01-23 01:23:14,755 INFO o.a.j.t.JMeterThread: Thread started: Thread Group 1-11
2025-01-23 01:23:14,851 INFO o.a.j.t.JMeterThread: Thread started: Thread Group 1-12
2025-01-23 01:23:14,974 INFO o.a.j.t.JMeterThread: Thread started: Thread Group 1-13
2025-01-23 01:23:15,059 INFO o.a.j.t.JMeterThread: Thread started: Thread Group 1-14
2025-01-23 01:23:15,177 INFO o.a.j.t.JMeterThread: Thread started: Thread Group 1-15
2025-01-23 01:23:15,266 INFO o.a.j.t.JMeterThread: Thread started: Thread Group 1-16
2025-01-23 01:23:15,384 INFO o.a.j.t.JMeterThread: Thread started: Thread Group 1-17
2025-01-23 01:23:15,464 INFO o.a.j.t.JMeterThread: Thread started: Thread Group 1-18
2025-01-23 01:23:15,564 INFO o.a.j.t.JMeterThread: Thread started: Thread Group 1-19
2025-01-23 01:23:15,653 INFO o.a.j.t.JMeterThread: Thread started: Thread Group 1-20
2025-01-23 01:23:15,748 INFO o.a.j.t.JMeterThread: Thread started: Thread Group 1-21
2025-01-23 01:23:15,862 INFO o.a.j.t.JMeterThread: Thread started: Thread Group 1-22
2025-01-23 01:23:15,956 INFO o.a.j.t.JMeterThread: Thread started: Thread Group 1-23
2025-01-23 01:23:16,060 INFO o.a.j.t.JMeterThread: Thread started: Thread Group 1-24
2025-01-23 01:23:16,155 INFO o.a.j.t.JMeterThread: Thread started: Thread Group 1-25
2025-01-23 01:23:16,252 INFO o.a.j.t.JMeterThread: Thread started: Thread Group 1-26
2025-01-23 01:23:16,352 INFO o.a.j.t.JMeterThread: Thread started: Thread Group 1-27
2025-01-23 01:23:16,464 INFO o.a.j.t.JMeterThread: Thread started: Thread Group 1-28
2025-01-23 01:23:16,564 INFO o.a.j.t.JMeterThread: Thread started: Thread Group 1-29
2025-01-23 01:23:16,677 INFO o.a.j.t.JMeterThread: Thread started: Thread Group 1-30
2025-01-23 01:23:16,768 INFO o.a.j.t.JMeterThread: Thread started: Thread Group 1-31
2025-01-23 01:23:16,828 INFO o.a.j.t.JMeterThread: Thread is done: Thread Group 1-5
2025-01-23 01:23:16,828 INFO o.a.j.t.JMeterThread: Thread finished: Thread Group 1-5
2025-01-23 01:23:16,853 INFO o.a.j.t.JMeterThread: Thread started: Thread Group 1-32
2025-01-23 01:23:16,950 INFO o.a.j.t.JMeterThread: Thread started: Thread Group 1-33
2025-01-23 01:23:16,955 INFO o.a.j.t.JMeterThread: Thread is done: Thread Group 1-2
2025-01-23 01:23:16,961 INFO o.a.j.t.JMeterThread: Thread finished: Thread Group 1-2
2025-01-23 01:23:17,049 INFO o.a.j.t.JMeterThread: Thread started: Thread Group 1-34
2025-01-23 01:23:17,153 INFO o.a.j.t.JMeterThread: Thread started: Thread Group 1-35
2025-01-23 01:23:17,230 INFO o.a.j.t.JMeterThread: Thread is done: Thread Group 1-4
2025-01-23 01:23:17,262 INFO o.a.j.t.JMeterThread: Thread is done: Thread Group 1-32
2025-01-23 01:23:17,257 INFO o.a.j.t.JMeterThread: Thread is done: Thread Group 1-33
2025-01-23 01:23:17,270 INFO o.a.j.t.JMeterThread: Thread finished: Thread Group 1-33
2025-01-23 01:23:17,249 INFO o.a.j.t.JMeterThread: Thread started: Thread Group 1-36
2025-01-23 01:23:17,246 INFO o.a.j.t.JMeterThread: Thread is done: Thread Group 1-3
2025-01-23 01:23:17,271 INFO o.a.j.t.JMeterThread: Thread finished: Thread Group 1-3
2025-01-23 01:23:17,244 INFO o.a.j.t.JMeterThread: Thread is done: Thread Group 1-11
2025-01-23 01:23:17,271 INFO o.a.j.t.JMeterThread: Thread finished: Thread Group 1-11
2025-01-23 01:23:17,241 INFO o.a.j.t.JMeterThread: Thread is done: Thread Group 1-12
2025-01-23 01:23:17,272 INFO o.a.j.t.JMeterThread: Thread finished: Thread Group 1-12
2025-01-23 01:23:17,238 INFO o.a.j.t.JMeterThread: Thread is done: Thread Group 1-9
2025-01-23 01:23:17,273 INFO o.a.j.t.JMeterThread: Thread finished: Thread Group 1-9
2025-01-23 01:23:17,236 INFO o.a.j.t.JMeterThread: Thread is done: Thread Group 1-6
2025-01-23 01:23:17,273 INFO o.a.j.t.JMeterThread: Thread finished: Thread Group 1-6
2025-01-23 01:23:17,235 INFO o.a.j.t.JMeterThread: Thread is done: Thread Group 1-1
2025-01-23 01:23:17,273 INFO o.a.j.t.JMeterThread: Thread finished: Thread Group 1-1
2025-01-23 01:23:17,290 INFO o.a.j.t.JMeterThread: Thread is done: Thread Group 1-23
2025-01-23 01:23:17,290 INFO o.a.j.t.JMeterThread: Thread finished: Thread Group 1-23
2025-01-23 01:23:17,298 INFO o.a.j.t.JMeterThread: Thread is done: Thread Group 1-17
2025-01-23 01:23:17,300 INFO o.a.j.t.JMeterThread: Thread finished: Thread Group 1-32
2025-01-23 01:23:17,302 INFO o.a.j.t.JMeterThread: Thread finished: Thread Group 1-17
2025-01-23 01:23:17,303 INFO o.a.j.t.JMeterThread: Thread is done: Thread Group 1-22
2025-01-23 01:23:17,303 INFO o.a.j.t.JMeterThread: Thread finished: Thread Group 1-22
2025-01-23 01:23:17,305 INFO o.a.j.t.JMeterThread: Thread is done: Thread Group 1-30
2025-01-23 01:23:17,305 INFO o.a.j.t.JMeterThread: Thread finished: Thread Group 1-30
2025-01-23 01:23:17,310 INFO o.a.j.t.JMeterThread: Thread is done: Thread Group 1-7
2025-01-23 01:23:17,310 INFO o.a.j.t.JMeterThread: Thread is done: Thread Group 1-10
2025-01-23 01:23:17,311 INFO o.a.j.t.JMeterThread: Thread finished: Thread Group 1-10
2025-01-23 01:23:17,314 INFO o.a.j.t.JMeterThread: Thread finished: Thread Group 1-7
2025-01-23 01:23:17,315 INFO o.a.j.t.JMeterThread: Thread is done: Thread Group 1-16
2025-01-23 01:23:17,316 INFO o.a.j.t.JMeterThread: Thread finished: Thread Group 1-16
2025-01-23 01:23:17,316 INFO o.a.j.t.JMeterThread: Thread finished: Thread Group 1-4
2025-01-23 01:23:17,318 INFO o.a.j.t.JMeterThread: Thread is done: Thread Group 1-20
2025-01-23 01:23:17,318 INFO o.a.j.t.JMeterThread: Thread finished: Thread Group 1-20
2025-01-23 01:23:17,320 INFO o.a.j.t.JMeterThread: Thread is done: Thread Group 1-8
2025-01-23 01:23:17,329 INFO o.a.j.t.JMeterThread: Thread finished: Thread Group 1-8
2025-01-23 01:23:17,321 INFO o.a.j.t.JMeterThread: Thread is done: Thread Group 1-18
2025-01-23 01:23:17,331 INFO o.a.j.t.JMeterThread: Thread finished: Thread Group 1-18
2025-01-23 01:23:17,329 INFO o.a.j.t.JMeterThread: Thread is done: Thread Group 1-15
2025-01-23 01:23:17,333 INFO o.a.j.t.JMeterThread: Thread finished: Thread Group 1-15
2025-01-23 01:23:17,336 INFO o.a.j.t.JMeterThread: Thread is done: Thread Group 1-19
2025-01-23 01:23:17,336 INFO o.a.j.t.JMeterThread: Thread finished: Thread Group 1-19
2025-01-23 01:23:17,344 INFO o.a.j.t.JMeterThread: Thread is done: Thread Group 1-34
2025-01-23 01:23:17,344 INFO o.a.j.t.JMeterThread: Thread finished: Thread Group 1-34
2025-01-23 01:23:17,329 INFO o.a.j.t.JMeterThread: Thread is done: Thread Group 1-25
2025-01-23 01:23:17,353 INFO o.a.j.t.JMeterThread: Thread finished: Thread Group 1-25
2025-01-23 01:23:17,325 INFO o.a.j.t.JMeterThread: Thread is done: Thread Group 1-21
2025-01-23 01:23:17,354 INFO o.a.j.t.JMeterThread: Thread finished: Thread Group 1-21
2025-01-23 01:23:17,321 INFO o.a.j.t.JMeterThread: Thread is done: Thread Group 1-13
2025-01-23 01:23:17,354 INFO o.a.j.t.JMeterThread: Thread finished: Thread Group 1-13
2025-01-23 01:23:17,321 INFO o.a.j.t.JMeterThread: Thread is done: Thread Group 1-35
2025-01-23 01:23:17,355 INFO o.a.j.t.JMeterThread: Thread finished: Thread Group 1-35
2025-01-23 01:23:17,353 INFO o.a.j.t.JMeterThread: Thread is done: Thread Group 1-24
2025-01-23 01:23:17,356 INFO o.a.j.t.JMeterThread: Thread finished: Thread Group 1-24
2025-01-23 01:23:17,344 INFO o.a.j.t.JMeterThread: Thread is done: Thread Group 1-31
2025-01-23 01:23:17,356 INFO o.a.j.t.JMeterThread: Thread finished: Thread Group 1-31
2025-01-23 01:23:17,358 INFO o.a.j.t.JMeterThread: Thread started: Thread Group 1-37
2025-01-23 01:23:17,360 INFO o.a.j.t.JMeterThread: Thread is done: Thread Group 1-36
2025-01-23 01:23:17,360 INFO o.a.j.t.JMeterThread: Thread finished: Thread Group 1-36
2025-01-23 01:23:17,401 INFO o.a.j.t.JMeterThread: Thread is done: Thread Group 1-37
2025-01-23 01:23:17,401 INFO o.a.j.t.JMeterThread: Thread finished: Thread Group 1-37
2025-01-23 01:23:17,450 INFO o.a.j.t.JMeterThread: Thread started: Thread Group 1-38
2025-01-23 01:23:17,465 INFO o.a.j.t.JMeterThread: Thread is done: Thread Group 1-26
2025-01-23 01:23:17,466 INFO o.a.j.t.JMeterThread: Thread finished: Thread Group 1-26
2025-01-23 01:23:17,473 INFO o.a.j.t.JMeterThread: Thread is done: Thread Group 1-38
2025-01-23 01:23:17,474 INFO o.a.j.t.JMeterThread: Thread finished: Thread Group 1-38
2025-01-23 01:23:17,508 INFO o.a.j.t.JMeterThread: Thread is done: Thread Group 1-27
2025-01-23 01:23:17,508 INFO o.a.j.t.JMeterThread: Thread finished: Thread Group 1-27
2025-01-23 01:23:17,513 INFO o.a.j.t.JMeterThread: Thread is done: Thread Group 1-28
2025-01-23 01:23:17,517 INFO o.a.j.t.JMeterThread: Thread finished: Thread Group 1-28
2025-01-23 01:23:17,551 INFO o.a.j.t.JMeterThread: Thread started: Thread Group 1-39
2025-01-23 01:23:17,568 INFO o.a.j.t.JMeterThread: Thread is done: Thread Group 1-39
2025-01-23 01:23:17,569 INFO o.a.j.t.JMeterThread: Thread finished: Thread Group 1-39
2025-01-23 01:23:17,623 INFO o.a.j.t.JMeterThread: Thread is done: Thread Group 1-14
2025-01-23 01:23:17,623 INFO o.a.j.t.JMeterThread: Thread finished: Thread Group 1-14
2025-01-23 01:23:17,656 INFO o.a.j.t.JMeterThread: Thread started: Thread Group 1-40
2025-01-23 01:23:17,674 INFO o.a.j.t.JMeterThread: Thread is done: Thread Group 1-40
2025-01-23 01:23:17,674 INFO o.a.j.t.JMeterThread: Thread finished: Thread Group 1-40
2025-01-23 01:23:17,733 INFO o.a.j.t.JMeterThread: Thread is done: Thread Group 1-29
2025-01-23 01:23:17,733 INFO o.a.j.t.JMeterThread: Thread finished: Thread Group 1-29
2025-01-23 01:23:17,749 INFO o.a.j.t.JMeterThread: Thread started: Thread Group 1-41
2025-01-23 01:23:17,779 INFO o.a.j.t.JMeterThread: Thread is done: Thread Group 1-41
2025-01-23 01:23:17,779 INFO o.a.j.t.JMeterThread: Thread finished: Thread Group 1-41
2025-01-23 01:23:17,848 INFO o.a.j.t.JMeterThread: Thread started: Thread Group 1-42
2025-01-23 01:23:17,865 INFO o.a.j.t.JMeterThread: Thread is done: Thread Group 1-42
2025-01-23 01:23:17,866 INFO o.a.j.t.JMeterThread: Thread finished: Thread Group 1-42
2025-01-23 01:23:17,949 INFO o.a.j.t.JMeterThread: Thread started: Thread Group 1-43
2025-01-23 01:23:17,969 INFO o.a.j.t.JMeterThread: Thread is done: Thread Group 1-43
2025-01-23 01:23:17,969 INFO o.a.j.t.JMeterThread: Thread finished: Thread Group 1-43
2025-01-23 01:23:18,049 INFO o.a.j.t.JMeterThread: Thread started: Thread Group 1-44
2025-01-23 01:23:18,067 INFO o.a.j.t.JMeterThread: Thread is done: Thread Group 1-44
2025-01-23 01:23:18,068 INFO o.a.j.t.JMeterThread: Thread finished: Thread Group 1-44
2025-01-23 01:23:18,160 INFO o.a.j.t.JMeterThread: Thread started: Thread Group 1-45
2025-01-23 01:23:18,176 INFO o.a.j.t.JMeterThread: Thread is done: Thread Group 1-45
2025-01-23 01:23:18,176 INFO o.a.j.t.JMeterThread: Thread finished: Thread Group 1-45
2025-01-23 01:23:18,250 INFO o.a.j.t.JMeterThread: Thread started: Thread Group 1-46
2025-01-23 01:23:18,269 INFO o.a.j.t.JMeterThread: Thread is done: Thread Group 1-46
2025-01-23 01:23:18,269 INFO o.a.j.t.JMeterThread: Thread finished: Thread Group 1-46
2025-01-23 01:23:18,360 INFO o.a.j.t.JMeterThread: Thread started: Thread Group 1-47
2025-01-23 01:23:18,376 INFO o.a.j.t.JMeterThread: Thread is done: Thread Group 1-47
2025-01-23 01:23:18,377 INFO o.a.j.t.JMeterThread: Thread finished: Thread Group 1-47
2025-01-23 01:23:18,471 INFO o.a.j.t.JMeterThread: Thread started: Thread Group 1-48
2025-01-23 01:23:18,516 INFO o.a.j.t.JMeterThread: Thread is done: Thread Group 1-48
2025-01-23 01:23:18,517 INFO o.a.j.t.JMeterThread: Thread finished: Thread Group 1-48
2025-01-23 01:23:18,559 INFO o.a.j.t.JMeterThread: Thread started: Thread Group 1-49
2025-01-23 01:23:18,602 INFO o.a.j.t.JMeterThread: Thread is done: Thread Group 1-49
2025-01-23 01:23:18,602 INFO o.a.j.t.JMeterThread: Thread finished: Thread Group 1-49
2025-01-23 01:23:18,647 INFO o.a.j.t.JMeterThread: Thread started: Thread Group 1-50
2025-01-23 01:23:18,661 INFO o.a.j.t.JMeterThread: Thread is done: Thread Group 1-50
2025-01-23 01:23:18,662 INFO o.a.j.t.JMeterThread: Thread finished: Thread Group 1-50
2025-01-23 01:23:18,747 INFO o.a.j.t.JMeterThread: Thread started: Thread Group 1-51
2025-01-23 01:23:18,765 INFO o.a.j.t.JMeterThread: Thread is done: Thread Group 1-51
2025-01-23 01:23:18,765 INFO o.a.j.t.JMeterThread: Thread finished: Thread Group 1-51
2025-01-23 01:23:18,848 INFO o.a.j.t.JMeterThread: Thread started: Thread Group 1-52
2025-01-23 01:23:18,865 INFO o.a.j.t.JMeterThread: Thread is done: Thread Group 1-52
2025-01-23 01:23:18,865 INFO o.a.j.t.JMeterThread: Thread finished: Thread Group 1-52
2025-01-23 01:23:18,952 INFO o.a.j.t.JMeterThread: Thread started: Thread Group 1-53
2025-01-23 01:23:18,965 INFO o.a.j.t.JMeterThread: Thread is done: Thread Group 1-53
2025-01-23 01:23:18,965 INFO o.a.j.t.JMeterThread: Thread finished: Thread Group 1-53
2025-01-23 01:23:19,061 INFO o.a.j.t.JMeterThread: Thread started: Thread Group 1-54
2025-01-23 01:23:19,075 INFO o.a.j.t.JMeterThread: Thread is done: Thread Group 1-54
2025-01-23 01:23:19,075 INFO o.a.j.t.JMeterThread: Thread finished: Thread Group 1-54
2025-01-23 01:23:19,147 INFO o.a.j.t.JMeterThread: Thread started: Thread Group 1-55
2025-01-23 01:23:19,162 INFO o.a.j.t.JMeterThread: Thread is done: Thread Group 1-55
2025-01-23 01:23:19,162 INFO o.a.j.t.JMeterThread: Thread finished: Thread Group 1-55
2025-01-23 01:23:19,247 INFO o.a.j.t.JMeterThread: Thread started: Thread Group 1-56
2025-01-23 01:23:19,270 INFO o.a.j.t.JMeterThread: Thread is done: Thread Group 1-56
2025-01-23 01:23:19,271 INFO o.a.j.t.JMeterThread: Thread finished: Thread Group 1-56
2025-01-23 01:23:19,349 INFO o.a.j.t.JMeterThread: Thread started: Thread Group 1-57
2025-01-23 01:23:19,393 INFO o.a.j.t.JMeterThread: Thread is done: Thread Group 1-57
2025-01-23 01:23:19,394 INFO o.a.j.t.JMeterThread: Thread finished: Thread Group 1-57
2025-01-23 01:23:19,446 INFO o.a.j.t.JMeterThread: Thread started: Thread Group 1-58
2025-01-23 01:23:19,490 INFO o.a.j.t.JMeterThread: Thread is done: Thread Group 1-58
2025-01-23 01:23:19,490 INFO o.a.j.t.JMeterThread: Thread finished: Thread Group 1-58
2025-01-23 01:23:19,548 INFO o.a.j.t.JMeterThread: Thread started: Thread Group 1-59
2025-01-23 01:23:19,565 INFO o.a.j.t.JMeterThread: Thread is done: Thread Group 1-59
2025-01-23 01:23:19,565 INFO o.a.j.t.JMeterThread: Thread finished: Thread Group 1-59
2025-01-23 01:23:19,648 INFO o.a.j.t.JMeterThread: Thread started: Thread Group 1-60
2025-01-23 01:23:19,664 INFO o.a.j.t.JMeterThread: Thread is done: Thread Group 1-60
2025-01-23 01:23:19,665 INFO o.a.j.t.JMeterThread: Thread finished: Thread Group 1-60
2025-01-23 01:23:19,749 INFO o.a.j.t.JMeterThread: Thread started: Thread Group 1-61
2025-01-23 01:23:19,763 INFO o.a.j.t.JMeterThread: Thread is done: Thread Group 1-61
2025-01-23 01:23:19,763 INFO o.a.j.t.JMeterThread: Thread finished: Thread Group 1-61
2025-01-23 01:23:19,856 INFO o.a.j.t.JMeterThread: Thread started: Thread Group 1-62
2025-01-23 01:23:19,872 INFO o.a.j.t.JMeterThread: Thread is done: Thread Group 1-62
2025-01-23 01:23:19,872 INFO o.a.j.t.JMeterThread: Thread finished: Thread Group 1-62
2025-01-23 01:23:19,955 INFO o.a.j.t.JMeterThread: Thread started: Thread Group 1-63
2025-01-23 01:23:19,968 INFO o.a.j.t.JMeterThread: Thread is done: Thread Group 1-63
2025-01-23 01:23:19,968 INFO o.a.j.t.JMeterThread: Thread finished: Thread Group 1-63
2025-01-23 01:23:20,048 INFO o.a.j.t.JMeterThread: Thread started: Thread Group 1-64
2025-01-23 01:23:20,063 INFO o.a.j.t.JMeterThread: Thread is done: Thread Group 1-64
2025-01-23 01:23:20,063 INFO o.a.j.t.JMeterThread: Thread finished: Thread Group 1-64
2025-01-23 01:23:20,148 INFO o.a.j.t.JMeterThread: Thread started: Thread Group 1-65
2025-01-23 01:23:20,165 INFO o.a.j.t.JMeterThread: Thread is done: Thread Group 1-65
2025-01-23 01:23:20,165 INFO o.a.j.t.JMeterThread: Thread finished: Thread Group 1-65
2025-01-23 01:23:20,247 INFO o.a.j.t.JMeterThread: Thread started: Thread Group 1-66
2025-01-23 01:23:20,259 INFO o.a.j.t.JMeterThread: Thread is done: Thread Group 1-66
2025-01-23 01:23:20,259 INFO o.a.j.t.JMeterThread: Thread finished: Thread Group 1-66
2025-01-23 01:23:20,347 INFO o.a.j.t.JMeterThread: Thread started: Thread Group 1-67
2025-01-23 01:23:20,397 INFO o.a.j.t.JMeterThread: Thread is done: Thread Group 1-67
2025-01-23 01:23:20,397 INFO o.a.j.t.JMeterThread: Thread finished: Thread Group 1-67
2025-01-23 01:23:20,448 INFO o.a.j.t.JMeterThread: Thread started: Thread Group 1-68
2025-01-23 01:23:20,487 INFO o.a.j.t.JMeterThread: Thread is done: Thread Group 1-68
2025-01-23 01:23:20,488 INFO o.a.j.t.JMeterThread: Thread finished: Thread Group 1-68
2025-01-23 01:23:20,547 INFO o.a.j.t.JMeterThread: Thread started: Thread Group 1-69
2025-01-23 01:23:20,561 INFO o.a.j.t.JMeterThread: Thread is done: Thread Group 1-69
2025-01-23 01:23:20,561 INFO o.a.j.t.JMeterThread: Thread finished: Thread Group 1-69
2025-01-23 01:23:20,655 INFO o.a.j.t.JMeterThread: Thread started: Thread Group 1-70
2025-01-23 01:23:20,687 INFO o.a.j.t.JMeterThread: Thread is done: Thread Group 1-70
2025-01-23 01:23:20,688 INFO o.a.j.t.JMeterThread: Thread finished: Thread Group 1-70
2025-01-23 01:23:20,764 INFO o.a.j.t.JMeterThread: Thread started: Thread Group 1-71
2025-01-23 01:23:20,799 INFO o.a.j.t.JMeterThread: Thread is done: Thread Group 1-71
2025-01-23 01:23:20,799 INFO o.a.j.t.JMeterThread: Thread finished: Thread Group 1-71
2025-01-23 01:23:20,853 INFO o.a.j.t.JMeterThread: Thread started: Thread Group 1-72
2025-01-23 01:23:20,890 INFO o.a.j.t.JMeterThread: Thread is done: Thread Group 1-72
2025-01-23 01:23:20,891 INFO o.a.j.t.JMeterThread: Thread finished: Thread Group 1-72
2025-01-23 01:23:20,954 INFO o.a.j.t.JMeterThread: Thread started: Thread Group 1-73
2025-01-23 01:23:21,018 INFO o.a.j.t.JMeterThread: Thread is done: Thread Group 1-73
2025-01-23 01:23:21,018 INFO o.a.j.t.JMeterThread: Thread finished: Thread Group 1-73
2025-01-23 01:23:21,050 INFO o.a.j.t.JMeterThread: Thread started: Thread Group 1-74
2025-01-23 01:23:21,064 INFO o.a.j.t.JMeterThread: Thread is done: Thread Group 1-74
2025-01-23 01:23:21,065 INFO o.a.j.t.JMeterThread: Thread finished: Thread Group 1-74
2025-01-23 01:23:21,150 INFO o.a.j.t.JMeterThread: Thread started: Thread Group 1-75
2025-01-23 01:23:21,165 INFO o.a.j.t.JMeterThread: Thread is done: Thread Group 1-75
2025-01-23 01:23:21,165 INFO o.a.j.t.JMeterThread: Thread finished: Thread Group 1-75
2025-01-23 01:23:21,246 INFO o.a.j.t.JMeterThread: Thread started: Thread Group 1-76
2025-01-23 01:23:21,267 INFO o.a.j.t.JMeterThread: Thread is done: Thread Group 1-76
2025-01-23 01:23:21,267 INFO o.a.j.t.JMeterThread: Thread finished: Thread Group 1-76
2025-01-23 01:23:21,348 INFO o.a.j.t.JMeterThread: Thread started: Thread Group 1-77
2025-01-23 01:23:21,363 INFO o.a.j.t.JMeterThread: Thread is done: Thread Group 1-77
2025-01-23 01:23:21,364 INFO o.a.j.t.JMeterThread: Thread finished: Thread Group 1-77
2025-01-23 01:23:21,461 INFO o.a.j.t.JMeterThread: Thread started: Thread Group 1-78
2025-01-23 01:23:21,476 INFO o.a.j.t.JMeterThread: Thread is done: Thread Group 1-78
2025-01-23 01:23:21,476 INFO o.a.j.t.JMeterThread: Thread finished: Thread Group 1-78
2025-01-23 01:23:21,549 INFO o.a.j.t.JMeterThread: Thread started: Thread Group 1-79
2025-01-23 01:23:21,561 INFO o.a.j.t.JMeterThread: Thread is done: Thread Group 1-79
2025-01-23 01:23:21,562 INFO o.a.j.t.JMeterThread: Thread finished: Thread Group 1-79
2025-01-23 01:23:21,650 INFO o.a.j.t.JMeterThread: Thread started: Thread Group 1-80
2025-01-23 01:23:21,685 INFO o.a.j.t.JMeterThread: Thread is done: Thread Group 1-80
2025-01-23 01:23:21,685 INFO o.a.j.t.JMeterThread: Thread finished: Thread Group 1-80
2025-01-23 01:23:21,748 INFO o.a.j.t.JMeterThread: Thread started: Thread Group 1-81
2025-01-23 01:23:21,791 INFO o.a.j.t.JMeterThread: Thread is done: Thread Group 1-81
2025-01-23 01:23:21,791 INFO o.a.j.t.JMeterThread: Thread finished: Thread Group 1-81
2025-01-23 01:23:21,847 INFO o.a.j.t.JMeterThread: Thread started: Thread Group 1-82
2025-01-23 01:23:21,860 INFO o.a.j.t.JMeterThread: Thread is done: Thread Group 1-82
2025-01-23 01:23:21,860 INFO o.a.j.t.JMeterThread: Thread finished: Thread Group 1-82
2025-01-23 01:23:21,947 INFO o.a.j.t.JMeterThread: Thread started: Thread Group 1-83
2025-01-23 01:23:21,959 INFO o.a.j.t.JMeterThread: Thread is done: Thread Group 1-83
2025-01-23 01:23:21,959 INFO o.a.j.t.JMeterThread: Thread finished: Thread Group 1-83
2025-01-23 01:23:22,049 INFO o.a.j.t.JMeterThread: Thread started: Thread Group 1-84
2025-01-23 01:23:22,081 INFO o.a.j.t.JMeterThread: Thread is done: Thread Group 1-84
2025-01-23 01:23:22,082 INFO o.a.j.t.JMeterThread: Thread finished: Thread Group 1-84
2025-01-23 01:23:22,152 INFO o.a.j.t.JMeterThread: Thread started: Thread Group 1-85
2025-01-23 01:23:22,182 INFO o.a.j.t.JMeterThread: Thread is done: Thread Group 1-85
2025-01-23 01:23:22,183 INFO o.a.j.t.JMeterThread: Thread finished: Thread Group 1-85
2025-01-23 01:23:22,249 INFO o.a.j.t.JMeterThread: Thread started: Thread Group 1-86
2025-01-23 01:23:22,265 INFO o.a.j.t.JMeterThread: Thread is done: Thread Group 1-86
2025-01-23 01:23:22,265 INFO o.a.j.t.JMeterThread: Thread finished: Thread Group 1-86
2025-01-23 01:23:22,349 INFO o.a.j.t.JMeterThread: Thread started: Thread Group 1-87
2025-01-23 01:23:22,360 INFO o.a.j.t.JMeterThread: Thread is done: Thread Group 1-87
2025-01-23 01:23:22,360 INFO o.a.j.t.JMeterThread: Thread finished: Thread Group 1-87
2025-01-23 01:23:22,449 INFO o.a.j.t.JMeterThread: Thread started: Thread Group 1-88
2025-01-23 01:23:22,459 INFO o.a.j.t.JMeterThread: Thread is done: Thread Group 1-88
2025-01-23 01:23:22,460 INFO o.a.j.t.JMeterThread: Thread finished: Thread Group 1-88
2025-01-23 01:23:22,548 INFO o.a.j.t.JMeterThread: Thread started: Thread Group 1-89
2025-01-23 01:23:22,557 INFO o.a.j.t.JMeterThread: Thread is done: Thread Group 1-89
2025-01-23 01:23:22,557 INFO o.a.j.t.JMeterThread: Thread finished: Thread Group 1-89
2025-01-23 01:23:22,665 INFO o.a.j.t.JMeterThread: Thread started: Thread Group 1-90
2025-01-23 01:23:22,682 INFO o.a.j.t.JMeterThread: Thread is done: Thread Group 1-90
2025-01-23 01:23:22,682 INFO o.a.j.t.JMeterThread: Thread finished: Thread Group 1-90
2025-01-23 01:23:22,752 INFO o.a.j.t.JMeterThread: Thread started: Thread Group 1-91
2025-01-23 01:23:22,788 INFO o.a.j.t.JMeterThread: Thread is done: Thread Group 1-91
2025-01-23 01:23:22,789 INFO o.a.j.t.JMeterThread: Thread finished: Thread Group 1-91
2025-01-23 01:23:22,864 INFO o.a.j.t.JMeterThread: Thread started: Thread Group 1-92
2025-01-23 01:23:22,874 INFO o.a.j.t.JMeterThread: Thread is done: Thread Group 1-92
2025-01-23 01:23:22,875 INFO o.a.j.t.JMeterThread: Thread finished: Thread Group 1-92
2025-01-23 01:23:22,949 INFO o.a.j.t.JMeterThread: Thread started: Thread Group 1-93
2025-01-23 01:23:22,960 INFO o.a.j.t.JMeterThread: Thread is done: Thread Group 1-93
2025-01-23 01:23:22,960 INFO o.a.j.t.JMeterThread: Thread finished: Thread Group 1-93
2025-01-23 01:23:23,048 INFO o.a.j.t.JMeterThread: Thread started: Thread Group 1-94
2025-01-23 01:23:23,058 INFO o.a.j.t.JMeterThread: Thread is done: Thread Group 1-94
2025-01-23 01:23:23,058 INFO o.a.j.t.JMeterThread: Thread finished: Thread Group 1-94
2025-01-23 01:23:23,148 INFO o.a.j.t.JMeterThread: Thread started: Thread Group 1-95
2025-01-23 01:23:23,176 INFO o.a.j.t.JMeterThread: Thread is done: Thread Group 1-95
2025-01-23 01:23:23,176 INFO o.a.j.t.JMeterThread: Thread finished: Thread Group 1-95
2025-01-23 01:23:23,249 INFO o.a.j.t.JMeterThread: Thread started: Thread Group 1-96
2025-01-23 01:23:23,281 INFO o.a.j.t.JMeterThread: Thread is done: Thread Group 1-96
2025-01-23 01:23:23,282 INFO o.a.j.t.JMeterThread: Thread finished: Thread Group 1-96
2025-01-23 01:23:23,347 INFO o.a.j.t.JMeterThread: Thread started: Thread Group 1-97
2025-01-23 01:23:23,363 INFO o.a.j.t.JMeterThread: Thread is done: Thread Group 1-97
2025-01-23 01:23:23,363 INFO o.a.j.t.JMeterThread: Thread finished: Thread Group 1-97
2025-01-23 01:23:23,448 INFO o.a.j.t.JMeterThread: Thread started: Thread Group 1-98
2025-01-23 01:23:23,467 INFO o.a.j.t.JMeterThread: Thread is done: Thread Group 1-98
2025-01-23 01:23:23,467 INFO o.a.j.t.JMeterThread: Thread finished: Thread Group 1-98
2025-01-23 01:23:23,546 INFO o.a.j.t.JMeterThread: Thread started: Thread Group 1-99
2025-01-23 01:23:23,557 INFO o.a.j.t.JMeterThread: Thread is done: Thread Group 1-99
2025-01-23 01:23:23,558 INFO o.a.j.t.JMeterThread: Thread finished: Thread Group 1-99
2025-01-23 01:23:23,651 INFO o.a.j.t.JMeterThread: Thread started: Thread Group 1-100
2025-01-23 01:23:23,685 INFO o.a.j.t.JMeterThread: Thread is done: Thread Group 1-100
2025-01-23 01:23:23,685 INFO o.a.j.t.JMeterThread: Thread finished: Thread Group 1-100
2025-01-23 01:23:23,687 INFO o.a.j.e.StandardJMeterEngine: Notifying test listeners of end of test
2025-01-23 01:23:23,689 INFO o.a.j.g.u.JMeterMenuBar: setRunning(false, *local*)
2025-01-23 01:32:40,347 INFO o.a.j.g.a.Load: Loading file: /home/khaldoun/Downloads/max-test.jmx
2025-01-23 01:32:40,348 INFO o.a.j.s.FileServer: Set new base='/home/khaldoun/Downloads'
2025-01-23 01:32:40,348 INFO o.a.j.s.SaveService: Loading file: /home/khaldoun/Downloads/max-test.jmx
2025-01-23 01:32:40,849 INFO o.a.j.s.FileServer: Set new base='/home/khaldoun/Downloads'
2025-01-23 01:33:17,152 INFO o.a.j.e.StandardJMeterEngine: Running the test!
2025-01-23 01:33:17,152 INFO o.a.j.s.SampleEvent: List of sample_variables: []
2025-01-23 01:33:17,186 INFO o.a.j.g.u.JMeterMenuBar: setRunning(true, *local*)
2025-01-23 01:33:17,294 INFO o.a.j.e.StandardJMeterEngine: Starting ThreadGroup: 1 : Thread Group
2025-01-23 01:33:17,294 INFO o.a.j.e.StandardJMeterEngine: Starting 100 threads for group Thread Group.
2025-01-23 01:33:17,294 INFO o.a.j.e.StandardJMeterEngine: Thread will continue on error
2025-01-23 01:33:17,294 INFO o.a.j.t.ThreadGroup: Starting thread group... number=1 threads=100 ramp-up=10 delayedStart=false
2025-01-23 01:33:17,315 INFO o.a.j.t.JMeterThread: Thread started: Thread Group 1-1
2025-01-23 01:33:17,418 INFO o.a.j.t.JMeterThread: Thread started: Thread Group 1-2
2025-01-23 01:33:17,551 INFO o.a.j.t.JMeterThread: Thread started: Thread Group 1-3
2025-01-23 01:33:17,632 INFO o.a.j.t.JMeterThread: Thread started: Thread Group 1-4
2025-01-23 01:33:17,748 INFO o.a.j.t.JMeterThread: Thread started: Thread Group 1-5
2025-01-23 01:33:17,834 INFO o.a.j.t.JMeterThread: Thread started: Thread Group 1-6
2025-01-23 01:33:17,924 INFO o.a.j.t.JMeterThread: Thread started: Thread Group 1-7
2025-01-23 01:33:18,047 INFO o.a.j.t.JMeterThread: Thread started: Thread Group 1-8
2025-01-23 01:33:18,123 INFO o.a.j.t.JMeterThread: Thread started: Thread Group 1-9
2025-01-23 01:33:18,227 INFO o.a.j.t.JMeterThread: Thread started: Thread Group 1-10
2025-01-23 01:33:18,326 INFO o.a.j.t.JMeterThread: Thread started: Thread Group 1-11
2025-01-23 01:33:18,440 INFO o.a.j.t.JMeterThread: Thread started: Thread Group 1-12
2025-01-23 01:33:18,571 INFO o.a.j.t.JMeterThread: Thread started: Thread Group 1-13
2025-01-23 01:33:18,750 INFO o.a.j.t.JMeterThread: Thread started: Thread Group 1-14
2025-01-23 01:33:18,816 INFO o.a.j.t.JMeterThread: Thread started: Thread Group 1-15
2025-01-23 01:33:18,865 INFO o.a.j.t.JMeterThread: Thread started: Thread Group 1-16
2025-01-23 01:33:18,938 INFO o.a.j.t.JMeterThread: Thread started: Thread Group 1-17
2025-01-23 01:33:19,025 INFO o.a.j.t.JMeterThread: Thread started: Thread Group 1-18
2025-01-23 01:33:19,138 INFO o.a.j.t.JMeterThread: Thread started: Thread Group 1-19
2025-01-23 01:33:19,221 INFO o.a.j.t.JMeterThread: Thread started: Thread Group 1-20
2025-01-23 01:33:19,326 INFO o.a.j.t.JMeterThread: Thread started: Thread Group 1-21
2025-01-23 01:33:19,434 INFO o.a.j.t.JMeterThread: Thread started: Thread Group 1-22
2025-01-23 01:33:19,444 INFO o.a.j.t.ThreadGroup: Started thread group number 1
2025-01-23 01:33:19,444 INFO o.a.j.e.StandardJMeterEngine: All thread groups have been started
2025-01-23 01:33:19,522 INFO o.a.j.t.JMeterThread: Thread started: Thread Group 1-23
2025-01-23 01:33:19,616 INFO o.a.j.t.JMeterThread: Thread started: Thread Group 1-24
2025-01-23 01:33:19,724 INFO o.a.j.t.JMeterThread: Thread started: Thread Group 1-25
2025-01-23 01:33:19,831 INFO o.a.j.t.JMeterThread: Thread started: Thread Group 1-26
2025-01-23 01:33:19,925 INFO o.a.j.t.JMeterThread: Thread started: Thread Group 1-27
2025-01-23 01:33:20,023 INFO o.a.j.t.JMeterThread: Thread started: Thread Group 1-28
2025-01-23 01:33:20,117 INFO o.a.j.t.JMeterThread: Thread started: Thread Group 1-29
2025-01-23 01:33:20,235 INFO o.a.j.t.JMeterThread: Thread started: Thread Group 1-30
2025-01-23 01:33:20,429 INFO o.a.j.t.JMeterThread: Thread started: Thread Group 1-31
2025-01-23 01:33:20,439 INFO o.a.j.t.JMeterThread: Thread started: Thread Group 1-32
2025-01-23 01:33:20,521 INFO o.a.j.t.JMeterThread: Thread started: Thread Group 1-33
2025-01-23 01:33:20,657 INFO o.a.j.t.JMeterThread: Thread started: Thread Group 1-34
2025-01-23 01:33:20,738 INFO o.a.j.t.JMeterThread: Thread started: Thread Group 1-35
2025-01-23 01:33:20,852 INFO o.a.j.t.JMeterThread: Thread started: Thread Group 1-36
2025-01-23 01:33:20,928 INFO o.a.j.t.JMeterThread: Thread started: Thread Group 1-37
2025-01-23 01:33:21,034 INFO o.a.j.t.JMeterThread: Thread started: Thread Group 1-38
2025-01-23 01:33:21,153 INFO o.a.j.t.JMeterThread: Thread started: Thread Group 1-39
2025-01-23 01:33:21,236 INFO o.a.j.t.JMeterThread: Thread started: Thread Group 1-40
2025-01-23 01:33:21,333 INFO o.a.j.t.JMeterThread: Thread started: Thread Group 1-41
2025-01-23 01:33:21,427 INFO o.a.j.t.JMeterThread: Thread started: Thread Group 1-42
2025-01-23 01:33:21,515 INFO o.a.j.t.JMeterThread: Thread started: Thread Group 1-43
2025-01-23 01:33:21,658 INFO o.a.j.t.JMeterThread: Thread started: Thread Group 1-44
2025-01-23 01:33:21,752 INFO o.a.j.t.JMeterThread: Thread started: Thread Group 1-45
2025-01-23 01:33:21,830 INFO o.a.j.t.JMeterThread: Thread started: Thread Group 1-46
2025-01-23 01:33:21,952 INFO o.a.j.t.JMeterThread: Thread started: Thread Group 1-47
2025-01-23 01:33:22,032 INFO o.a.j.t.JMeterThread: Thread started: Thread Group 1-48
2025-01-23 01:33:22,144 INFO o.a.j.t.JMeterThread: Thread started: Thread Group 1-49
2025-01-23 01:33:22,236 INFO o.a.j.t.JMeterThread: Thread started: Thread Group 1-50
2025-01-23 01:33:22,358 INFO o.a.j.t.JMeterThread: Thread started: Thread Group 1-51
2025-01-23 01:33:22,429 INFO o.a.j.t.JMeterThread: Thread started: Thread Group 1-52
2025-01-23 01:33:22,535 INFO o.a.j.t.JMeterThread: Thread started: Thread Group 1-53
2025-01-23 01:33:22,626 INFO o.a.j.t.JMeterThread: Thread started: Thread Group 1-54
2025-01-23 01:33:22,723 INFO o.a.j.t.JMeterThread: Thread started: Thread Group 1-55
2025-01-23 01:33:22,844 INFO o.a.j.t.JMeterThread: Thread started: Thread Group 1-56
2025-01-23 01:33:22,941 INFO o.a.j.t.JMeterThread: Thread started: Thread Group 1-57
2025-01-23 01:33:23,046 INFO o.a.j.t.JMeterThread: Thread started: Thread Group 1-58
2025-01-23 01:33:23,126 INFO o.a.j.t.JMeterThread: Thread started: Thread Group 1-59
2025-01-23 01:33:23,218 INFO o.a.j.t.JMeterThread: Thread started: Thread Group 1-60
2025-01-23 01:33:23,334 INFO o.a.j.t.JMeterThread: Thread started: Thread Group 1-61
2025-01-23 01:33:23,442 INFO o.a.j.t.JMeterThread: Thread started: Thread Group 1-62
2025-01-23 01:33:23,538 INFO o.a.j.t.JMeterThread: Thread started: Thread Group 1-63
2025-01-23 01:33:23,642 INFO o.a.j.t.JMeterThread: Thread started: Thread Group 1-64
2025-01-23 01:33:23,728 INFO o.a.j.t.JMeterThread: Thread started: Thread Group 1-65
2025-01-23 01:33:23,839 INFO o.a.j.t.JMeterThread: Thread started: Thread Group 1-66
2025-01-23 01:33:23,938 INFO o.a.j.t.JMeterThread: Thread started: Thread Group 1-67
2025-01-23 01:33:24,036 INFO o.a.j.t.JMeterThread: Thread started: Thread Group 1-68
2025-01-23 01:33:24,136 INFO o.a.j.t.JMeterThread: Thread started: Thread Group 1-69
2025-01-23 01:33:24,226 INFO o.a.j.t.JMeterThread: Thread started: Thread Group 1-70
2025-01-23 01:33:24,336 INFO o.a.j.t.JMeterThread: Thread started: Thread Group 1-71
2025-01-23 01:33:24,415 INFO o.a.j.t.JMeterThread: Thread started: Thread Group 1-72
2025-01-23 01:33:24,524 INFO o.a.j.t.JMeterThread: Thread started: Thread Group 1-73
2025-01-23 01:33:24,616 INFO o.a.j.t.JMeterThread: Thread started: Thread Group 1-74
2025-01-23 01:33:24,749 INFO o.a.j.t.JMeterThread: Thread started: Thread Group 1-75
2025-01-23 01:33:24,973 INFO o.a.j.t.JMeterThread: Thread started: Thread Group 1-76
2025-01-23 01:33:25,063 INFO o.a.j.t.JMeterThread: Thread started: Thread Group 1-77
2025-01-23 01:33:25,076 INFO o.a.j.t.JMeterThread: Thread started: Thread Group 1-78
2025-01-23 01:33:25,125 INFO o.a.j.t.JMeterThread: Thread started: Thread Group 1-79
2025-01-23 01:33:25,391 INFO o.a.j.t.JMeterThread: Thread started: Thread Group 1-80
2025-01-23 01:33:25,394 INFO o.a.j.t.JMeterThread: Thread started: Thread Group 1-81
2025-01-23 01:33:25,545 INFO o.a.j.t.JMeterThread: Thread started: Thread Group 1-82
2025-01-23 01:33:25,553 INFO o.a.j.t.JMeterThread: Thread started: Thread Group 1-83
2025-01-23 01:33:25,673 INFO o.a.j.t.JMeterThread: Thread started: Thread Group 1-84
2025-01-23 01:33:25,751 INFO o.a.j.t.JMeterThread: Thread started: Thread Group 1-85
2025-01-23 01:33:25,848 INFO o.a.j.t.JMeterThread: Thread started: Thread Group 1-86
2025-01-23 01:33:25,936 INFO o.a.j.t.JMeterThread: Thread started: Thread Group 1-87
2025-01-23 01:33:26,019 INFO o.a.j.t.JMeterThread: Thread started: Thread Group 1-88
2025-01-23 01:33:26,125 INFO o.a.j.t.JMeterThread: Thread started: Thread Group 1-89
2025-01-23 01:33:26,246 INFO o.a.j.t.JMeterThread: Thread started: Thread Group 1-90
2025-01-23 01:33:26,370 INFO o.a.j.t.JMeterThread: Thread started: Thread Group 1-91
2025-01-23 01:33:26,473 INFO o.a.j.t.JMeterThread: Thread started: Thread Group 1-92
2025-01-23 01:33:26,599 INFO o.a.j.t.JMeterThread: Thread started: Thread Group 1-93
2025-01-23 01:33:26,687 INFO o.a.j.t.JMeterThread: Thread started: Thread Group 1-94
2025-01-23 01:33:26,814 INFO o.a.j.t.JMeterThread: Thread started: Thread Group 1-95
2025-01-23 01:33:26,881 INFO o.a.j.t.JMeterThread: Thread started: Thread Group 1-96
2025-01-23 01:33:26,956 INFO o.a.j.t.JMeterThread: Thread started: Thread Group 1-97
2025-01-23 01:33:27,075 INFO o.a.j.t.JMeterThread: Thread started: Thread Group 1-98
2025-01-23 01:33:27,163 INFO o.a.j.t.JMeterThread: Thread started: Thread Group 1-99
2025-01-23 01:33:27,239 INFO o.a.j.t.JMeterThread: Thread started: Thread Group 1-100
2025-01-23 01:33:41,442 INFO o.a.j.t.JMeterThread: Thread is done: Thread Group 1-33
2025-01-23 01:33:41,443 INFO o.a.j.t.JMeterThread: Thread finished: Thread Group 1-33
2025-01-23 01:33:49,070 INFO o.a.j.t.JMeterThread: Thread is done: Thread Group 1-63
2025-01-23 01:33:49,071 INFO o.a.j.t.JMeterThread: Thread finished: Thread Group 1-63
2025-01-23 01:33:49,916 INFO o.a.j.t.JMeterThread: Thread is done: Thread Group 1-71
2025-01-23 01:33:49,917 INFO o.a.j.t.JMeterThread: Thread finished: Thread Group 1-71
2025-01-23 01:33:53,968 INFO o.a.j.t.JMeterThread: Thread is done: Thread Group 1-30
2025-01-23 01:33:53,969 INFO o.a.j.t.JMeterThread: Thread finished: Thread Group 1-30
2025-01-23 01:33:54,266 INFO o.a.j.t.JMeterThread: Thread is done: Thread Group 1-66
2025-01-23 01:33:54,266 INFO o.a.j.t.JMeterThread: Thread finished: Thread Group 1-66
2025-01-23 01:33:55,916 INFO o.a.j.t.JMeterThread: Thread is done: Thread Group 1-32
2025-01-23 01:33:55,917 INFO o.a.j.t.JMeterThread: Thread finished: Thread Group 1-32
2025-01-23 01:33:56,799 INFO o.a.j.t.JMeterThread: Thread is done: Thread Group 1-15
2025-01-23 01:33:56,799 INFO o.a.j.t.JMeterThread: Thread finished: Thread Group 1-15
2025-01-23 01:33:58,563 INFO o.a.j.t.JMeterThread: Thread is done: Thread Group 1-87
2025-01-23 01:33:58,563 INFO o.a.j.t.JMeterThread: Thread finished: Thread Group 1-87
2025-01-23 01:33:59,388 INFO o.a.j.t.JMeterThread: Thread is done: Thread Group 1-57
2025-01-23 01:33:59,388 INFO o.a.j.t.JMeterThread: Thread finished: Thread Group 1-57
2025-01-23 01:34:01,369 INFO o.a.j.t.JMeterThread: Thread is done: Thread Group 1-77
2025-01-23 01:34:01,369 INFO o.a.j.t.JMeterThread: Thread finished: Thread Group 1-77
2025-01-23 01:34:01,714 INFO o.a.j.t.JMeterThread: Thread is done: Thread Group 1-58
2025-01-23 01:34:01,715 INFO o.a.j.t.JMeterThread: Thread finished: Thread Group 1-58
2025-01-23 01:34:02,673 INFO o.a.j.t.JMeterThread: Thread is done: Thread Group 1-24
2025-01-23 01:34:02,673 INFO o.a.j.t.JMeterThread: Thread finished: Thread Group 1-24
2025-01-23 01:34:05,268 INFO o.a.j.t.JMeterThread: Thread is done: Thread Group 1-7
2025-01-23 01:34:05,268 INFO o.a.j.t.JMeterThread: Thread finished: Thread Group 1-7
2025-01-23 01:34:07,016 INFO o.a.j.t.JMeterThread: Thread is done: Thread Group 1-6
2025-01-23 01:34:07,016 INFO o.a.j.t.JMeterThread: Thread finished: Thread Group 1-6
2025-01-23 01:34:07,413 INFO o.a.j.t.JMeterThread: Thread is done: Thread Group 1-1
2025-01-23 01:34:07,413 INFO o.a.j.t.JMeterThread: Thread finished: Thread Group 1-1
2025-01-23 01:34:08,021 INFO o.a.j.t.JMeterThread: Thread is done: Thread Group 1-51
2025-01-23 01:34:08,022 INFO o.a.j.t.JMeterThread: Thread finished: Thread Group 1-51
2025-01-23 01:34:09,060 INFO o.a.j.t.JMeterThread: Thread is done: Thread Group 1-53
2025-01-23 01:34:09,061 INFO o.a.j.t.JMeterThread: Thread finished: Thread Group 1-53
2025-01-23 01:34:10,714 INFO o.a.j.t.JMeterThread: Thread is done: Thread Group 1-52
2025-01-23 01:34:10,714 INFO o.a.j.t.JMeterThread: Thread finished: Thread Group 1-52
2025-01-23 01:34:11,312 INFO o.a.j.t.JMeterThread: Thread is done: Thread Group 1-3
2025-01-23 01:34:11,313 INFO o.a.j.t.JMeterThread: Thread finished: Thread Group 1-3
2025-01-23 01:34:13,425 INFO o.a.j.t.JMeterThread: Thread is done: Thread Group 1-62
2025-01-23 01:34:13,426 INFO o.a.j.t.JMeterThread: Thread finished: Thread Group 1-62
2025-01-23 01:34:16,293 INFO o.a.j.t.JMeterThread: Thread is done: Thread Group 1-37
2025-01-23 01:34:16,293 INFO o.a.j.t.JMeterThread: Thread finished: Thread Group 1-37
2025-01-23 01:34:17,127 INFO o.a.j.g.a.Start: Stopping test
2025-01-23 01:34:17,155 INFO o.a.j.t.JMeterThread: Stopping: Thread Group 1-79
2025-01-23 01:34:17,156 INFO o.a.j.t.JMeterThread: Stopping: Thread Group 1-54
2025-01-23 01:34:17,156 WARN o.a.j.t.JMeterThread: The delay timer was interrupted - probably did not wait as long as intended.
2025-01-23 01:34:17,156 WARN o.a.j.t.JMeterThread: The delay timer was interrupted - probably did not wait as long as intended.
2025-01-23 01:34:17,157 INFO o.a.j.t.JMeterThread: Thread finished: Thread Group 1-79
2025-01-23 01:34:17,157 INFO o.a.j.t.JMeterThread: Thread finished: Thread Group 1-54
2025-01-23 01:34:17,158 INFO o.a.j.t.JMeterThread: Stopping: Thread Group 1-11
2025-01-23 01:34:17,158 INFO o.a.j.t.JMeterThread: Stopping: Thread Group 1-91
2025-01-23 01:34:17,158 WARN o.a.j.t.JMeterThread: The delay timer was interrupted - probably did not wait as long as intended.
2025-01-23 01:34:17,158 WARN o.a.j.t.JMeterThread: The delay timer was interrupted - probably did not wait as long as intended.
2025-01-23 01:34:17,158 INFO o.a.j.t.JMeterThread: Thread finished: Thread Group 1-11
2025-01-23 01:34:17,159 INFO o.a.j.t.JMeterThread: Thread finished: Thread Group 1-91
2025-01-23 01:34:17,159 INFO o.a.j.t.JMeterThread: Stopping: Thread Group 1-29
2025-01-23 01:34:17,159 INFO o.a.j.t.JMeterThread: Stopping: Thread Group 1-72
2025-01-23 01:34:17,160 WARN o.a.j.t.JMeterThread: The delay timer was interrupted - probably did not wait as long as intended.
2025-01-23 01:34:17,160 INFO o.a.j.t.JMeterThread: Thread finished: Thread Group 1-72
2025-01-23 01:34:17,161 INFO o.a.j.t.JMeterThread: Stopping: Thread Group 1-5
2025-01-23 01:34:17,161 INFO o.a.j.t.JMeterThread: Stopping: Thread Group 1-90
2025-01-23 01:34:17,161 INFO o.a.j.t.JMeterThread: Stopping: Thread Group 1-42
2025-01-23 01:34:17,161 WARN o.a.j.t.JMeterThread: The delay timer was interrupted - probably did not wait as long as intended.
2025-01-23 01:34:17,161 INFO o.a.j.t.JMeterThread: Stopping: Thread Group 1-50
2025-01-23 01:34:17,161 WARN o.a.j.t.JMeterThread: The delay timer was interrupted - probably did not wait as long as intended.
2025-01-23 01:34:17,161 INFO o.a.j.t.JMeterThread: Stopping: Thread Group 1-19
2025-01-23 01:34:17,161 INFO o.a.j.t.JMeterThread: Thread finished: Thread Group 1-5
2025-01-23 01:34:17,161 WARN o.a.j.t.JMeterThread: The delay timer was interrupted - probably did not wait as long as intended.
2025-01-23 01:34:17,161 INFO o.a.j.t.JMeterThread: Thread finished: Thread Group 1-42
2025-01-23 01:34:17,162 WARN o.a.j.t.JMeterThread: The delay timer was interrupted - probably did not wait as long as intended.
2025-01-23 01:34:17,162 INFO o.a.j.t.JMeterThread: Thread finished: Thread Group 1-50
2025-01-23 01:34:17,162 WARN o.a.j.t.JMeterThread: The delay timer was interrupted - probably did not wait as long as intended.
2025-01-23 01:34:17,163 INFO o.a.j.t.JMeterThread: Thread finished: Thread Group 1-29
2025-01-23 01:34:17,163 WARN o.a.j.t.JMeterThread: The delay timer was interrupted - probably did not wait as long as intended.
2025-01-23 01:34:17,163 INFO o.a.j.t.JMeterThread: Thread finished: Thread Group 1-90
2025-01-23 01:34:17,165 INFO o.a.j.t.JMeterThread: Stopping: Thread Group 1-10
2025-01-23 01:34:17,162 INFO o.a.j.t.JMeterThread: Thread finished: Thread Group 1-19
2025-01-23 01:34:17,166 INFO o.a.j.t.JMeterThread: Stopping: Thread Group 1-59
2025-01-23 01:34:17,168 WARN o.a.j.t.JMeterThread: The delay timer was interrupted - probably did not wait as long as intended.
2025-01-23 01:34:17,168 INFO o.a.j.t.JMeterThread: Stopping: Thread Group 1-2
2025-01-23 01:34:17,168 INFO o.a.j.t.JMeterThread: Stopping: Thread Group 1-55
2025-01-23 01:34:17,168 INFO o.a.j.t.JMeterThread: Stopping: Thread Group 1-47
2025-01-23 01:34:17,168 WARN o.a.j.t.JMeterThread: The delay timer was interrupted - probably did not wait as long as intended.
2025-01-23 01:34:17,168 WARN o.a.j.t.JMeterThread: The delay timer was interrupted - probably did not wait as long as intended.
2025-01-23 01:34:17,168 INFO o.a.j.t.JMeterThread: Thread finished: Thread Group 1-10
2025-01-23 01:34:17,168 WARN o.a.j.t.JMeterThread: The delay timer was interrupted - probably did not wait as long as intended.
2025-01-23 01:34:17,168 WARN o.a.j.t.JMeterThread: The delay timer was interrupted - probably did not wait as long as intended.
2025-01-23 01:34:17,169 INFO o.a.j.t.JMeterThread: Thread finished: Thread Group 1-2
2025-01-23 01:34:17,169 INFO o.a.j.t.JMeterThread: Thread finished: Thread Group 1-47
2025-01-23 01:34:17,168 INFO o.a.j.t.JMeterThread: Thread finished: Thread Group 1-59
2025-01-23 01:34:17,168 INFO o.a.j.t.JMeterThread: Thread finished: Thread Group 1-55
2025-01-23 01:34:17,168 INFO o.a.j.t.JMeterThread: Stopping: Thread Group 1-35
2025-01-23 01:34:17,172 WARN o.a.j.t.JMeterThread: The delay timer was interrupted - probably did not wait as long as intended.
2025-01-23 01:34:17,172 INFO o.a.j.t.JMeterThread: Thread finished: Thread Group 1-35
2025-01-23 01:34:17,172 INFO o.a.j.t.JMeterThread: Stopping: Thread Group 1-100
2025-01-23 01:34:17,172 INFO o.a.j.t.JMeterThread: Stopping: Thread Group 1-82
2025-01-23 01:34:17,172 INFO o.a.j.t.JMeterThread: Stopping: Thread Group 1-89
2025-01-23 01:34:17,172 WARN o.a.j.t.JMeterThread: The delay timer was interrupted - probably did not wait as long as intended.
2025-01-23 01:34:17,172 INFO o.a.j.t.JMeterThread: Stopping: Thread Group 1-41
2025-01-23 01:34:17,172 WARN o.a.j.t.JMeterThread: The delay timer was interrupted - probably did not wait as long as intended.
2025-01-23 01:34:17,172 INFO o.a.j.t.JMeterThread: Stopping: Thread Group 1-8
2025-01-23 01:34:17,172 INFO o.a.j.t.JMeterThread: Stopping: Thread Group 1-25
2025-01-23 01:34:17,173 INFO o.a.j.t.JMeterThread: Stopping: Thread Group 1-86
2025-01-23 01:34:17,173 INFO o.a.j.t.JMeterThread: Thread finished: Thread Group 1-82
2025-01-23 01:34:17,173 WARN o.a.j.t.JMeterThread: The delay timer was interrupted - probably did not wait as long as intended.
2025-01-23 01:34:17,173 WARN o.a.j.t.JMeterThread: The delay timer was interrupted - probably did not wait as long as intended.
2025-01-23 01:34:17,173 WARN o.a.j.t.JMeterThread: The delay timer was interrupted - probably did not wait as long as intended.
2025-01-23 01:34:17,173 INFO o.a.j.t.JMeterThread: Thread finished: Thread Group 1-25
2025-01-23 01:34:17,173 INFO o.a.j.t.JMeterThread: Thread finished: Thread Group 1-86
2025-01-23 01:34:17,173 INFO o.a.j.t.JMeterThread: Thread finished: Thread Group 1-41
2025-01-23 01:34:17,173 INFO o.a.j.t.JMeterThread: Thread finished: Thread Group 1-100
2025-01-23 01:34:17,173 INFO o.a.j.t.JMeterThread: Stopping: Thread Group 1-94
2025-01-23 01:34:17,173 INFO o.a.j.t.JMeterThread: Stopping: Thread Group 1-99
2025-01-23 01:34:17,174 INFO o.a.j.t.JMeterThread: Stopping: Thread Group 1-75
2025-01-23 01:34:17,174 WARN o.a.j.t.JMeterThread: The delay timer was interrupted - probably did not wait as long as intended.
2025-01-23 01:34:17,174 WARN o.a.j.t.JMeterThread: The delay timer was interrupted - probably did not wait as long as intended.
2025-01-23 01:34:17,174 INFO o.a.j.t.JMeterThread: Thread finished: Thread Group 1-75
2025-01-23 01:34:17,174 INFO o.a.j.t.JMeterThread: Thread finished: Thread Group 1-94
2025-01-23 01:34:17,174 INFO o.a.j.t.JMeterThread: Stopping: Thread Group 1-4
2025-01-23 01:34:17,174 WARN o.a.j.t.JMeterThread: The delay timer was interrupted - probably did not wait as long as intended.
2025-01-23 01:34:17,172 WARN o.a.j.t.JMeterThread: The delay timer was interrupted - probably did not wait as long as intended.
2025-01-23 01:34:17,172 WARN o.a.j.t.JMeterThread: The delay timer was interrupted - probably did not wait as long as intended.
2025-01-23 01:34:17,175 INFO o.a.j.t.JMeterThread: Thread finished: Thread Group 1-4
2025-01-23 01:34:17,175 INFO o.a.j.t.JMeterThread: Thread finished: Thread Group 1-8
2025-01-23 01:34:17,175 INFO o.a.j.t.JMeterThread: Thread finished: Thread Group 1-89
2025-01-23 01:34:17,174 WARN o.a.j.t.JMeterThread: The delay timer was interrupted - probably did not wait as long as intended.
2025-01-23 01:34:17,175 INFO o.a.j.t.JMeterThread: Stopping: Thread Group 1-45
2025-01-23 01:34:17,175 INFO o.a.j.t.JMeterThread: Stopping: Thread Group 1-78
2025-01-23 01:34:17,175 INFO o.a.j.t.JMeterThread: Stopping: Thread Group 1-96
2025-01-23 01:34:17,175 WARN o.a.j.t.JMeterThread: The delay timer was interrupted - probably did not wait as long as intended.
2025-01-23 01:34:17,175 INFO o.a.j.t.JMeterThread: Thread finished: Thread Group 1-99
2025-01-23 01:34:17,175 WARN o.a.j.t.JMeterThread: The delay timer was interrupted - probably did not wait as long as intended.
2025-01-23 01:34:17,175 WARN o.a.j.t.JMeterThread: The delay timer was interrupted - probably did not wait as long as intended.
2025-01-23 01:34:17,176 INFO o.a.j.t.JMeterThread: Thread finished: Thread Group 1-78
2025-01-23 01:34:17,176 INFO o.a.j.t.JMeterThread: Thread finished: Thread Group 1-96
2025-01-23 01:34:17,176 INFO o.a.j.t.JMeterThread: Stopping: Thread Group 1-34
2025-01-23 01:34:17,176 INFO o.a.j.t.JMeterThread: Stopping: Thread Group 1-17
2025-01-23 01:34:17,176 WARN o.a.j.t.JMeterThread: The delay timer was interrupted - probably did not wait as long as intended.
2025-01-23 01:34:17,176 WARN o.a.j.t.JMeterThread: The delay timer was interrupted - probably did not wait as long as intended.
2025-01-23 01:34:17,176 INFO o.a.j.t.JMeterThread: Thread finished: Thread Group 1-34
2025-01-23 01:34:17,176 INFO o.a.j.t.JMeterThread: Thread finished: Thread Group 1-17
2025-01-23 01:34:17,176 INFO o.a.j.t.JMeterThread: Thread finished: Thread Group 1-45
2025-01-23 01:34:17,179 INFO o.a.j.t.JMeterThread: Stopping: Thread Group 1-61
2025-01-23 01:34:17,179 INFO o.a.j.t.JMeterThread: Stopping: Thread Group 1-83
2025-01-23 01:34:17,179 INFO o.a.j.t.JMeterThread: Stopping: Thread Group 1-13
2025-01-23 01:34:17,179 INFO o.a.j.t.JMeterThread: Stopping: Thread Group 1-18
2025-01-23 01:34:17,180 INFO o.a.j.t.JMeterThread: Stopping: Thread Group 1-21
2025-01-23 01:34:17,180 INFO o.a.j.t.JMeterThread: Stopping: Thread Group 1-46
2025-01-23 01:34:17,180 INFO o.a.j.t.JMeterThread: Stopping: Thread Group 1-56
2025-01-23 01:34:17,180 INFO o.a.j.t.JMeterThread: Stopping: Thread Group 1-74
2025-01-23 01:34:17,180 INFO o.a.j.t.JMeterThread: Stopping: Thread Group 1-80
2025-01-23 01:34:17,180 WARN o.a.j.t.JMeterThread: The delay timer was interrupted - probably did not wait as long as intended.
2025-01-23 01:34:17,180 INFO o.a.j.t.JMeterThread: Stopping: Thread Group 1-76
2025-01-23 01:34:17,180 WARN o.a.j.t.JMeterThread: The delay timer was interrupted - probably did not wait as long as intended.
2025-01-23 01:34:17,180 INFO o.a.j.t.JMeterThread: Thread finished: Thread Group 1-46
2025-01-23 01:34:17,180 INFO o.a.j.t.JMeterThread: Thread finished: Thread Group 1-76
2025-01-23 01:34:17,180 WARN o.a.j.t.JMeterThread: The delay timer was interrupted - probably did not wait as long as intended.
2025-01-23 01:34:17,180 INFO o.a.j.t.JMeterThread: Thread finished: Thread Group 1-83
2025-01-23 01:34:17,181 WARN o.a.j.t.JMeterThread: The delay timer was interrupted - probably did not wait as long as intended.
2025-01-23 01:34:17,180 WARN o.a.j.t.JMeterThread: The delay timer was interrupted - probably did not wait as long as intended.
2025-01-23 01:34:17,181 INFO o.a.j.t.JMeterThread: Thread finished: Thread Group 1-18
2025-01-23 01:34:17,181 INFO o.a.j.t.JMeterThread: Thread finished: Thread Group 1-61
2025-01-23 01:34:17,182 INFO o.a.j.t.JMeterThread: Stopping: Thread Group 1-44
2025-01-23 01:34:17,183 INFO o.a.j.t.JMeterThread: Stopping: Thread Group 1-26
2025-01-23 01:34:17,183 INFO o.a.j.t.JMeterThread: Stopping: Thread Group 1-20
2025-01-23 01:34:17,183 INFO o.a.j.t.JMeterThread: Stopping: Thread Group 1-43
2025-01-23 01:34:17,183 INFO o.a.j.t.JMeterThread: Stopping: Thread Group 1-64
2025-01-23 01:34:17,183 WARN o.a.j.t.JMeterThread: The delay timer was interrupted - probably did not wait as long as intended.
2025-01-23 01:34:17,183 INFO o.a.j.t.JMeterThread: Stopping: Thread Group 1-48
2025-01-23 01:34:17,183 WARN o.a.j.t.JMeterThread: The delay timer was interrupted - probably did not wait as long as intended.
2025-01-23 01:34:17,183 WARN o.a.j.t.JMeterThread: The delay timer was interrupted - probably did not wait as long as intended.
2025-01-23 01:34:17,183 INFO o.a.j.t.JMeterThread: Thread finished: Thread Group 1-20
2025-01-23 01:34:17,183 INFO o.a.j.t.JMeterThread: Thread finished: Thread Group 1-26
2025-01-23 01:34:17,184 WARN o.a.j.t.JMeterThread: The delay timer was interrupted - probably did not wait as long as intended.
2025-01-23 01:34:17,184 INFO o.a.j.t.JMeterThread: Thread finished: Thread Group 1-44
2025-01-23 01:34:17,181 WARN o.a.j.t.JMeterThread: The delay timer was interrupted - probably did not wait as long as intended.
2025-01-23 01:34:17,185 INFO o.a.j.t.JMeterThread: Thread finished: Thread Group 1-80
2025-01-23 01:34:17,181 WARN o.a.j.t.JMeterThread: The delay timer was interrupted - probably did not wait as long as intended.
2025-01-23 01:34:17,181 WARN o.a.j.t.JMeterThread: The delay timer was interrupted - probably did not wait as long as intended.
2025-01-23 01:34:17,186 INFO o.a.j.t.JMeterThread: Thread finished: Thread Group 1-74
2025-01-23 01:34:17,186 INFO o.a.j.t.JMeterThread: Thread finished: Thread Group 1-13
2025-01-23 01:34:17,181 WARN o.a.j.t.JMeterThread: The delay timer was interrupted - probably did not wait as long as intended.
2025-01-23 01:34:17,186 INFO o.a.j.t.JMeterThread: Thread finished: Thread Group 1-56
2025-01-23 01:34:17,181 WARN o.a.j.t.JMeterThread: The delay timer was interrupted - probably did not wait as long as intended.
2025-01-23 01:34:17,187 INFO o.a.j.t.JMeterThread: Thread finished: Thread Group 1-21
2025-01-23 01:34:17,184 WARN o.a.j.t.JMeterThread: The delay timer was interrupted - probably did not wait as long as intended.
2025-01-23 01:34:17,187 INFO o.a.j.t.JMeterThread: Stopping: Thread Group 1-85
2025-01-23 01:34:17,188 INFO o.a.j.t.JMeterThread: Thread finished: Thread Group 1-43
2025-01-23 01:34:17,188 WARN o.a.j.t.JMeterThread: The delay timer was interrupted - probably did not wait as long as intended.
2025-01-23 01:34:17,188 WARN o.a.j.t.JMeterThread: The delay timer was interrupted - probably did not wait as long as intended.
2025-01-23 01:34:17,188 INFO o.a.j.t.JMeterThread: Thread finished: Thread Group 1-85
2025-01-23 01:34:17,188 INFO o.a.j.t.JMeterThread: Thread finished: Thread Group 1-48
2025-01-23 01:34:17,191 INFO o.a.j.t.JMeterThread: Stopping: Thread Group 1-97
2025-01-23 01:34:17,192 INFO o.a.j.t.JMeterThread: Stopping: Thread Group 1-40
2025-01-23 01:34:17,192 WARN o.a.j.t.JMeterThread: The delay timer was interrupted - probably did not wait as long as intended.
2025-01-23 01:34:17,192 WARN o.a.j.t.JMeterThread: The delay timer was interrupted - probably did not wait as long as intended.
2025-01-23 01:34:17,192 INFO o.a.j.t.JMeterThread: Thread finished: Thread Group 1-40
2025-01-23 01:34:17,192 INFO o.a.j.t.JMeterThread: Thread finished: Thread Group 1-97
2025-01-23 01:34:17,193 INFO o.a.j.t.JMeterThread: Stopping: Thread Group 1-36
2025-01-23 01:34:17,193 INFO o.a.j.t.JMeterThread: Stopping: Thread Group 1-69
2025-01-23 01:34:17,193 INFO o.a.j.t.JMeterThread: Stopping: Thread Group 1-14
2025-01-23 01:34:17,193 WARN o.a.j.t.JMeterThread: The delay timer was interrupted - probably did not wait as long as intended.
2025-01-23 01:34:17,193 WARN o.a.j.t.JMeterThread: The delay timer was interrupted - probably did not wait as long as intended.
2025-01-23 01:34:17,193 INFO o.a.j.t.JMeterThread: Stopping: Thread Group 1-27
2025-01-23 01:34:17,193 INFO o.a.j.t.JMeterThread: Stopping: Thread Group 1-49
2025-01-23 01:34:17,193 INFO o.a.j.t.JMeterThread: Thread finished: Thread Group 1-36
2025-01-23 01:34:17,194 WARN o.a.j.t.JMeterThread: The delay timer was interrupted - probably did not wait as long as intended.
2025-01-23 01:34:17,194 WARN o.a.j.t.JMeterThread: The delay timer was interrupted - probably did not wait as long as intended.
2025-01-23 01:34:17,193 WARN o.a.j.t.JMeterThread: The delay timer was interrupted - probably did not wait as long as intended.
2025-01-23 01:34:17,197 INFO o.a.j.t.JMeterThread: Thread finished: Thread Group 1-14
2025-01-23 01:34:17,197 INFO o.a.j.t.JMeterThread: Thread finished: Thread Group 1-49
2025-01-23 01:34:17,197 INFO o.a.j.t.JMeterThread: Stopping: Thread Group 1-73
2025-01-23 01:34:17,199 INFO o.a.j.t.JMeterThread: Stopping: Thread Group 1-84
2025-01-23 01:34:17,199 INFO o.a.j.t.JMeterThread: Stopping: Thread Group 1-88
2025-01-23 01:34:17,199 WARN o.a.j.t.JMeterThread: The delay timer was interrupted - probably did not wait as long as intended.
2025-01-23 01:34:17,199 WARN o.a.j.t.JMeterThread: The delay timer was interrupted - probably did not wait as long as intended.
2025-01-23 01:34:17,199 INFO o.a.j.t.JMeterThread: Thread finished: Thread Group 1-73
2025-01-23 01:34:17,199 INFO o.a.j.t.JMeterThread: Thread finished: Thread Group 1-88
2025-01-23 01:34:17,196 INFO o.a.j.t.JMeterThread: Thread finished: Thread Group 1-64
2025-01-23 01:34:17,193 INFO o.a.j.t.JMeterThread: Thread finished: Thread Group 1-69
2025-01-23 01:34:17,200 INFO o.a.j.t.JMeterThread: Stopping: Thread Group 1-70
2025-01-23 01:34:17,200 INFO o.a.j.t.JMeterThread: Thread finished: Thread Group 1-27
2025-01-23 01:34:17,201 WARN o.a.j.t.JMeterThread: The delay timer was interrupted - probably did not wait as long as intended.
2025-01-23 01:34:17,199 WARN o.a.j.t.JMeterThread: The delay timer was interrupted - probably did not wait as long as intended.
2025-01-23 01:34:17,201 INFO o.a.j.t.JMeterThread: Thread finished: Thread Group 1-70
2025-01-23 01:34:17,201 INFO o.a.j.t.JMeterThread: Thread finished: Thread Group 1-84
2025-01-23 01:34:17,197 INFO o.a.j.t.JMeterThread: Thread is done: Thread Group 1-39
2025-01-23 01:34:17,207 INFO o.a.j.t.JMeterThread: Thread finished: Thread Group 1-39
2025-01-23 01:34:17,206 INFO o.a.j.t.JMeterThread: Stopping: Thread Group 1-22
2025-01-23 01:34:17,207 WARN o.a.j.t.JMeterThread: The delay timer was interrupted - probably did not wait as long as intended.
2025-01-23 01:34:17,207 INFO o.a.j.t.JMeterThread: Thread finished: Thread Group 1-22
2025-01-23 01:34:17,208 INFO o.a.j.t.JMeterThread: Stopping: Thread Group 1-93
2025-01-23 01:34:17,208 INFO o.a.j.t.JMeterThread: Stopping: Thread Group 1-65
2025-01-23 01:34:17,209 WARN o.a.j.t.JMeterThread: The delay timer was interrupted - probably did not wait as long as intended.
2025-01-23 01:34:17,209 INFO o.a.j.t.JMeterThread: Stopping: Thread Group 1-60
2025-01-23 01:34:17,209 INFO o.a.j.t.JMeterThread: Stopping: Thread Group 1-81
2025-01-23 01:34:17,209 INFO o.a.j.t.JMeterThread: Stopping: Thread Group 1-23
2025-01-23 01:34:17,209 WARN o.a.j.t.JMeterThread: The delay timer was interrupted - probably did not wait as long as intended.
2025-01-23 01:34:17,209 WARN o.a.j.t.JMeterThread: The delay timer was interrupted - probably did not wait as long as intended.
2025-01-23 01:34:17,209 INFO o.a.j.t.JMeterThread: Thread finished: Thread Group 1-23
2025-01-23 01:34:17,209 INFO o.a.j.t.JMeterThread: Thread finished: Thread Group 1-65
2025-01-23 01:34:17,209 INFO o.a.j.t.JMeterThread: Thread finished: Thread Group 1-93
2025-01-23 01:34:17,210 INFO o.a.j.t.JMeterThread: Stopping: Thread Group 1-16
2025-01-23 01:34:17,210 INFO o.a.j.t.JMeterThread: Stopping: Thread Group 1-68
2025-01-23 01:34:17,210 INFO o.a.j.t.JMeterThread: Stopping: Thread Group 1-9
2025-01-23 01:34:17,210 WARN o.a.j.t.JMeterThread: The delay timer was interrupted - probably did not wait as long as intended.
2025-01-23 01:34:17,211 INFO o.a.j.t.JMeterThread: Thread finished: Thread Group 1-9
2025-01-23 01:34:17,212 INFO o.a.j.t.JMeterThread: Stopping: Thread Group 1-12
2025-01-23 01:34:17,212 INFO o.a.j.t.JMeterThread: Stopping: Thread Group 1-28
2025-01-23 01:34:17,212 INFO o.a.j.t.JMeterThread: Stopping: Thread Group 1-95
2025-01-23 01:34:17,212 WARN o.a.j.t.JMeterThread: The delay timer was interrupted - probably did not wait as long as intended.
2025-01-23 01:34:17,212 INFO o.a.j.t.JMeterThread: Stopping: Thread Group 1-38
2025-01-23 01:34:17,212 INFO o.a.j.t.JMeterThread: Thread finished: Thread Group 1-28
2025-01-23 01:34:17,212 INFO o.a.j.t.JMeterThread: Stopping: Thread Group 1-67
2025-01-23 01:34:17,212 INFO o.a.j.t.JMeterThread: Stopping: Thread Group 1-92
2025-01-23 01:34:17,212 INFO o.a.j.t.JMeterThread: Stopping: Thread Group 1-31
2025-01-23 01:34:17,213 INFO o.a.j.t.JMeterThread: Stopping: Thread Group 1-98
2025-01-23 01:34:17,260 WARN o.a.j.t.JMeterThread: The delay timer was interrupted - probably did not wait as long as intended.
2025-01-23 01:34:17,261 INFO o.a.j.t.JMeterThread: Thread finished: Thread Group 1-81
2025-01-23 01:34:17,266 WARN o.a.j.t.JMeterThread: The delay timer was interrupted - probably did not wait as long as intended.
2025-01-23 01:34:17,266 INFO o.a.j.t.JMeterThread: Thread finished: Thread Group 1-98
2025-01-23 01:34:17,267 WARN o.a.j.t.JMeterThread: The delay timer was interrupted - probably did not wait as long as intended.
2025-01-23 01:34:17,267 INFO o.a.j.t.JMeterThread: Thread finished: Thread Group 1-38
2025-01-23 01:34:17,268 WARN o.a.j.t.JMeterThread: The delay timer was interrupted - probably did not wait as long as intended.
2025-01-23 01:34:17,268 INFO o.a.j.t.JMeterThread: Thread finished: Thread Group 1-31
2025-01-23 01:34:17,268 WARN o.a.j.t.JMeterThread: The delay timer was interrupted - probably did not wait as long as intended.
2025-01-23 01:34:17,268 INFO o.a.j.t.JMeterThread: Thread finished: Thread Group 1-92
2025-01-23 01:34:17,269 WARN o.a.j.t.JMeterThread: The delay timer was interrupted - probably did not wait as long as intended.
2025-01-23 01:34:17,269 INFO o.a.j.t.JMeterThread: Thread finished: Thread Group 1-67
2025-01-23 01:34:17,270 WARN o.a.j.t.JMeterThread: The delay timer was interrupted - probably did not wait as long as intended.
2025-01-23 01:34:17,270 INFO o.a.j.t.JMeterThread: Thread finished: Thread Group 1-95
2025-01-23 01:34:17,271 WARN o.a.j.t.JMeterThread: The delay timer was interrupted - probably did not wait as long as intended.
2025-01-23 01:34:17,271 INFO o.a.j.t.JMeterThread: Thread finished: Thread Group 1-12
2025-01-23 01:34:17,272 WARN o.a.j.t.JMeterThread: The delay timer was interrupted - probably did not wait as long as intended.
2025-01-23 01:34:17,272 INFO o.a.j.t.JMeterThread: Thread finished: Thread Group 1-16
2025-01-23 01:34:17,273 WARN o.a.j.t.JMeterThread: The delay timer was interrupted - probably did not wait as long as intended.
2025-01-23 01:34:17,273 INFO o.a.j.t.JMeterThread: Thread finished: Thread Group 1-60
2025-01-23 01:34:17,271 WARN o.a.j.t.JMeterThread: The delay timer was interrupted - probably did not wait as long as intended.
2025-01-23 01:34:17,274 INFO o.a.j.t.JMeterThread: Thread finished: Thread Group 1-68
2025-01-23 01:34:17,286 INFO o.a.j.e.StandardJMeterEngine: Notifying test listeners of end of test
2025-01-23 01:34:17,287 INFO o.a.j.g.u.JMeterMenuBar: setRunning(false, *local*)
